<?xml version="1.0" encoding="UTF-8"?>
<!-- Generated by org.testng.reporters.JUnitReportReporter -->
<testsuite hostname="DS-PG020YBA" name="sample.Test1" tests="1" failures="0" timestamp="12 Jan 2022 05:04:51 GMT" time="9.334" errors="0">
  <testcase name="test2" time="9.334" classname="sample.Test1"/>
</testsuite> <!-- sample.Test1 -->
