<?xml version="1.0" encoding="UTF-8"?>
<!-- Generated by org.testng.reporters.JUnitReportReporter -->
<testsuite hostname="DS-PG020YBA" name="sample.Test2" tests="1" failures="0" timestamp="21 Jan 2022 04:03:04 GMT" time="10.343" errors="0">
  <testcase name="actions1" time="10.343" classname="sample.Test2"/>
</testsuite> <!-- sample.Test2 -->
